<?xml version="1.0" encoding="UTF-8"?>
<!-- Generated by org.testng.reporters.JUnitReportReporter -->
<testsuite skipped="0" hostname="T460" name="testcases.MiroTest" tests="2" failures="0" timestamp="2021-05-16T19:35:40 SGT" time="49.164" errors="0">
  <testcase name="verifyForgotPasswordLink" time="22.968" classname="testcases.MiroTest"/>
  <system-out/>
  <testcase name="verifyForgotPasswordLink" time="26.196" classname="testcases.MiroTest"/>
  <system-out/>
</testsuite> <!-- testcases.MiroTest -->
